Connecting to database specified by database.yml


Started GET "/" for 127.0.0.1 at 2013-01-31 13:16:58 +0200
Processing by UsersController#index as HTML
  [1m[36m (0.2ms)[0m  [1mSELECT COUNT(*) FROM "users" [0m
  [1m[35mCACHE (0.0ms)[0m  SELECT COUNT(*) FROM "users" 
  [1m[36mUser Load (0.7ms)[0m  [1mSELECT "users".* FROM "users" LIMIT 25 OFFSET 0[0m
  Rendered users/index.html.erb within layouts/application (65.7ms)
Compiled bootstrap_and_overrides.css  (8028ms)  (pid 611)
Compiled main.css  (1369ms)  (pid 611)
Compiled users.css  (15ms)  (pid 611)
Compiled application.css  (10976ms)  (pid 611)
Compiled jquery.js  (206ms)  (pid 611)
Compiled jquery_ujs.js  (0ms)  (pid 611)
Compiled twitter/bootstrap/bootstrap-transition.js  (0ms)  (pid 611)
Compiled twitter/bootstrap/bootstrap-alert.js  (0ms)  (pid 611)
Compiled twitter/bootstrap/bootstrap-modal.js  (0ms)  (pid 611)
Compiled twitter/bootstrap/bootstrap-dropdown.js  (0ms)  (pid 611)
Compiled twitter/bootstrap/bootstrap-scrollspy.js  (0ms)  (pid 611)
Compiled twitter/bootstrap/bootstrap-tab.js  (0ms)  (pid 611)
Compiled twitter/bootstrap/bootstrap-tooltip.js  (0ms)  (pid 611)
Compiled twitter/bootstrap/bootstrap-popover.js  (20ms)  (pid 611)
Compiled twitter/bootstrap/bootstrap-button.js  (0ms)  (pid 611)
Compiled twitter/bootstrap/bootstrap-collapse.js  (0ms)  (pid 611)
Compiled twitter/bootstrap/bootstrap-carousel.js  (0ms)  (pid 611)
Compiled twitter/bootstrap/bootstrap-typeahead.js  (0ms)  (pid 611)
Compiled twitter/bootstrap/bootstrap-affix.js  (0ms)  (pid 611)
Compiled twitter/bootstrap.js  (1147ms)  (pid 611)
Compiled underscore.js  (2ms)  (pid 611)
Compiled backbone.js  (1ms)  (pid 611)
Compiled jquery.validate.js  (4ms)  (pid 611)
Compiled shop.js  (280ms)  (pid 611)
Compiled helpers/app_helper.js  (30ms)  (pid 611)
Compiled users/duplicate.js  (343ms)  (pid 611)
Compiled users/edit.js  (10ms)  (pid 611)
Compiled users/index.js  (163ms)  (pid 611)
Compiled users/new.js  (3ms)  (pid 611)
Compiled users/show.js  (17ms)  (pid 611)
Compiled users/user.js  (25ms)  (pid 611)
Compiled models/user.js  (7ms)  (pid 611)
Compiled collections/users.js  (73ms)  (pid 611)
Compiled views/users/users_duplicate.js  (275ms)  (pid 611)
Compiled views/users/users_edit.js  (1231ms)  (pid 611)
Compiled views/users/users_index.js  (444ms)  (pid 611)
Compiled views/users/users_new.js  (121ms)  (pid 611)
Compiled views/users/users_show.js  (78ms)  (pid 611)
Compiled views/users/users_user.js  (30ms)  (pid 611)
Compiled routers/users_router.js  (21ms)  (pid 611)
Compiled bootstrap.js  (1ms)  (pid 611)
Compiled application.js  (8182ms)  (pid 611)
Completed 200 OK in 21167ms (Views: 21045.1ms | ActiveRecord: 43.5ms)


Started GET "/" for 127.0.0.1 at 2013-01-31 13:17:20 +0200
Processing by UsersController#index as HTML
  [1m[35m (75.8ms)[0m  SELECT COUNT(*) FROM "users" 
  [1m[36mCACHE (0.0ms)[0m  [1mSELECT COUNT(*) FROM "users" [0m
  [1m[35mUser Load (1.1ms)[0m  SELECT "users".* FROM "users" LIMIT 25 OFFSET 0
  Rendered users/index.html.erb within layouts/application (98.0ms)
Completed 200 OK in 240ms (Views: 148.9ms | ActiveRecord: 76.9ms)


Started GET "/api/users?orderBy=id+asc&currentPage=1&perPage=25&fields=login_name&scope=start_with&request=" for 127.0.0.1 at 2013-01-31 13:17:22 +0200
Processing by UsersController#index as JSON
  Parameters: {"orderBy"=>"id asc", "currentPage"=>"1", "perPage"=>"25", "fields"=>"login_name", "scope"=>"start_with", "request"=>""}
  [1m[36m (0.4ms)[0m  [1mSELECT COUNT(*) FROM "users" WHERE (login_name LIKE '%')[0m
  [1m[35m (0.1ms)[0m  SELECT COUNT(*) FROM "users" 
  [1m[36mUser Load (0.8ms)[0m  [1mSELECT "users".* FROM "users" WHERE (login_name LIKE '%') ORDER BY id asc LIMIT 25 OFFSET 0[0m
Completed 200 OK in 450ms (Views: 27.9ms | ActiveRecord: 0.8ms)


Started GET "/api/users?orderBy=id+asc&currentPage=1&perPage=10&fields=login_name&scope=start_with&request=" for 127.0.0.1 at 2013-01-31 13:17:37 +0200
Processing by UsersController#index as JSON
  Parameters: {"orderBy"=>"id asc", "currentPage"=>"1", "perPage"=>"10", "fields"=>"login_name", "scope"=>"start_with", "request"=>""}
  [1m[35m (0.3ms)[0m  SELECT COUNT(*) FROM "users" WHERE (login_name LIKE '%')
  [1m[36m (0.1ms)[0m  [1mSELECT COUNT(*) FROM "users" [0m
  [1m[35mUser Load (0.4ms)[0m  SELECT "users".* FROM "users" WHERE (login_name LIKE '%') ORDER BY id asc LIMIT 10 OFFSET 0
Completed 200 OK in 21ms (Views: 9.7ms | ActiveRecord: 0.4ms)


Started GET "/api/users?orderBy=id+asc&currentPage=1&perPage=10&fields=login_name&scope=start_with&request=" for 127.0.0.1 at 2013-01-31 13:17:46 +0200
Processing by UsersController#index as JSON
  Parameters: {"orderBy"=>"id asc", "currentPage"=>"1", "perPage"=>"10", "fields"=>"login_name", "scope"=>"start_with", "request"=>""}
  [1m[36m (10.8ms)[0m  [1mSELECT COUNT(*) FROM "users" WHERE (login_name LIKE '%')[0m
  [1m[35m (0.3ms)[0m  SELECT COUNT(*) FROM "users" 
  [1m[36mUser Load (0.7ms)[0m  [1mSELECT "users".* FROM "users" WHERE (login_name LIKE '%') ORDER BY id asc LIMIT 10 OFFSET 0[0m
Completed 200 OK in 111ms (Views: 56.4ms | ActiveRecord: 0.7ms)
Connecting to database specified by database.yml
Connecting to database specified by database.yml
Connecting to database specified by database.yml
  [1m[36m (33.6ms)[0m  [1mSELECT "schema_migrations"."version" FROM "schema_migrations" [0m
Migrating to CreateUsers (20130114174823)
Migrating to AddFieldsToUser (20130115090200)
Migrating to AddRegionToUser (20130115151117)
Migrating to AddRoleToUser (20130115155545)
Migrating to RenameSucksNameVariable (20130127102108)
  [1m[35m (16.7ms)[0m  select sqlite_version(*)
  [1m[36m (0.1ms)[0m  [1mbegin transaction[0m
  [1m[35m (0.6ms)[0m  rollback transaction
Connecting to database specified by database.yml
  [1m[36m (3.1ms)[0m  [1mSELECT "schema_migrations"."version" FROM "schema_migrations" [0m
Migrating to CreateUsers (20130114174823)
Migrating to AddFieldsToUser (20130115090200)
Migrating to AddRegionToUser (20130115151117)
Migrating to AddRoleToUser (20130115155545)
Migrating to AddDeviseToUsers (20130127120254)
Migrating to CreateItems (20130131111835)
  [1m[35m (0.1ms)[0m  select sqlite_version(*)
  [1m[36m (0.1ms)[0m  [1mbegin transaction[0m
  [1m[35m (44.3ms)[0m  CREATE TABLE "items" ("id" INTEGER PRIMARY KEY AUTOINCREMENT NOT NULL, "item_name" varchar(255), "item_description" varchar(255), "price" decimal, "dimension" varchar(255), "created_at" datetime NOT NULL, "updated_at" datetime NOT NULL) 
  [1m[36m (0.8ms)[0m  [1mINSERT INTO "schema_migrations" ("version") VALUES ('20130131111835')[0m
  [1m[35m (41.7ms)[0m  commit transaction
Migrating to CreateItemstables (20130131111913)
  [1m[36m (0.8ms)[0m  [1mbegin transaction[0m
  [1m[35m (1.9ms)[0m  CREATE TABLE "itemstables" ("id" INTEGER PRIMARY KEY AUTOINCREMENT NOT NULL, "item_id" integer, "quantity" integer, "price_per_line" decimal, "created_at" datetime NOT NULL, "updated_at" datetime NOT NULL) 
  [1m[36m (0.6ms)[0m  [1mCREATE INDEX "index_itemstables_on_item_id" ON "itemstables" ("item_id")[0m
  [1m[35m (0.5ms)[0m  INSERT INTO "schema_migrations" ("version") VALUES ('20130131111913')
  [1m[36m (92.2ms)[0m  [1mcommit transaction[0m
  [1m[35m (0.3ms)[0m  SELECT "schema_migrations"."version" FROM "schema_migrations" 
Connecting to database specified by database.yml
  [1m[36m (5.9ms)[0m  [1mSELECT "schema_migrations"."version" FROM "schema_migrations" [0m
  [1m[35m (0.1ms)[0m  begin transaction
  [1m[36mSQL (65.1ms)[0m  [1mINSERT INTO "items" ("created_at", "dimension", "item_description", "item_name", "price", "updated_at") VALUES (?, ?, ?, ?, ?, ?)[0m  [["created_at", Thu, 31 Jan 2013 11:27:41 UTC +00:00], ["dimension", "Box"], ["item_description", "Monitor LG"], ["item_name", "Monitor"], ["price", #<BigDecimal:bea1900,'0.2E2',9(36)>], ["updated_at", Thu, 31 Jan 2013 11:27:41 UTC +00:00]]
  [1m[35m (5.9ms)[0m  commit transaction
Connecting to database specified by database.yml
  [1m[36m (3.2ms)[0m  [1mSELECT "schema_migrations"."version" FROM "schema_migrations" [0m
Connecting to database specified by database.yml
  [1m[36m (3.0ms)[0m  [1mSELECT "schema_migrations"."version" FROM "schema_migrations" [0m
  [1m[35m (0.1ms)[0m  begin transaction
  [1m[36mSQL (9.9ms)[0m  [1mINSERT INTO "itemstables" ("created_at", "item_id", "price_per_line", "quantity", "updated_at") VALUES (?, ?, ?, ?, ?)[0m  [["created_at", Thu, 31 Jan 2013 11:32:27 UTC +00:00], ["item_id", 1], ["price_per_line", #<BigDecimal:bb5cc18,'0.1E1',9(36)>], ["quantity", 1], ["updated_at", Thu, 31 Jan 2013 11:32:27 UTC +00:00]]
  [1m[35m (6.5ms)[0m  commit transaction
Connecting to database specified by database.yml


Started GET "/orders" for 127.0.0.1 at 2013-01-31 13:40:01 +0200
Processing by OrdersController#index as HTML
Completed 500 Internal Server Error in 5ms

ActiveRecord::StatementInvalid - Could not find table 'orders':
  (gem) activerecord-3.2.11/lib/active_record/connection_adapters/sqlite_adapter.rb:472:in `table_structure'
  (gem) activerecord-3.2.11/lib/active_record/connection_adapters/sqlite_adapter.rb:346:in `columns'
  (gem) activerecord-3.2.11/lib/active_record/connection_adapters/schema_cache.rb:12:in `block in initialize'
  (gem) activerecord-3.2.11/lib/active_record/model_schema.rb:228:in `yield'
  (gem) activerecord-3.2.11/lib/active_record/model_schema.rb:228:in `default'
  (gem) activerecord-3.2.11/lib/active_record/model_schema.rb:228:in `columns'
  (gem) activerecord-3.2.11/lib/active_record/model_schema.rb:237:in `columns_hash'
  (gem) activerecord-3.2.11/lib/active_record/locking/optimistic.rb:129:in `locking_enabled?'
  (gem) activerecord-3.2.11/lib/active_record/relation.rb:170:in `exec_queries'
  (gem) activerecord-3.2.11/lib/active_record/relation.rb:160:in `block in to_a'
  (gem) activerecord-3.2.11/lib/active_record/explain.rb:33:in `logging_query_plan'
  (gem) activerecord-3.2.11/lib/active_record/relation.rb:159:in `to_a'
  (gem) activerecord-3.2.11/lib/active_record/relation/finder_methods.rb:159:in `all'
  (gem) activerecord-3.2.11/lib/active_record/querying.rb:5:in `all'
  app/controllers/orders_controller.rb:5:in `index'
  (gem) actionpack-3.2.11/lib/action_controller/metal/implicit_render.rb:4:in `send_action'
  (gem) actionpack-3.2.11/lib/abstract_controller/base.rb:167:in `process_action'
  (gem) actionpack-3.2.11/lib/action_controller/metal/rendering.rb:10:in `process_action'
  (gem) actionpack-3.2.11/lib/abstract_controller/callbacks.rb:18:in `block in process_action'
  (gem) activesupport-3.2.11/lib/active_support/callbacks.rb:414:in `_run__938736518__process_action__466325639__callbacks'
  (gem) activesupport-3.2.11/lib/active_support/callbacks.rb:405:in `__run_callback'
  (gem) activesupport-3.2.11/lib/active_support/callbacks.rb:385:in `_run_process_action_callbacks'
  (gem) activesupport-3.2.11/lib/active_support/callbacks.rb:81:in `run_callbacks'
  (gem) actionpack-3.2.11/lib/abstract_controller/callbacks.rb:17:in `process_action'
  (gem) actionpack-3.2.11/lib/action_controller/metal/rescue.rb:29:in `process_action'
  (gem) actionpack-3.2.11/lib/action_controller/metal/instrumentation.rb:30:in `block in process_action'
  (gem) activesupport-3.2.11/lib/active_support/notifications.rb:123:in `block in instrument'
  (gem) activesupport-3.2.11/lib/active_support/notifications/instrumenter.rb:20:in `instrument'
  (gem) activesupport-3.2.11/lib/active_support/notifications.rb:123:in `instrument'
  (gem) actionpack-3.2.11/lib/action_controller/metal/instrumentation.rb:29:in `process_action'
  (gem) actionpack-3.2.11/lib/action_controller/metal/params_wrapper.rb:207:in `process_action'
  (gem) activerecord-3.2.11/lib/active_record/railties/controller_runtime.rb:18:in `process_action'
  (gem) actionpack-3.2.11/lib/abstract_controller/base.rb:121:in `process'
  (gem) actionpack-3.2.11/lib/abstract_controller/rendering.rb:45:in `process'
  (gem) actionpack-3.2.11/lib/action_controller/metal.rb:203:in `dispatch'
  (gem) actionpack-3.2.11/lib/action_controller/metal/rack_delegation.rb:14:in `dispatch'
  (gem) actionpack-3.2.11/lib/action_controller/metal.rb:246:in `block in action'
  (gem) actionpack-3.2.11/lib/action_dispatch/routing/route_set.rb:73:in `call'
  (gem) actionpack-3.2.11/lib/action_dispatch/routing/route_set.rb:73:in `dispatch'
  (gem) actionpack-3.2.11/lib/action_dispatch/routing/route_set.rb:36:in `call'
  (gem) journey-1.0.4/lib/journey/router.rb:68:in `block in call'
  (gem) journey-1.0.4/lib/journey/router.rb:56:in `each'
  (gem) journey-1.0.4/lib/journey/router.rb:56:in `call'
  (gem) actionpack-3.2.11/lib/action_dispatch/routing/route_set.rb:601:in `call'
  (gem) better_errors-0.3.2/lib/better_errors/middleware.rb:51:in `app_call'
  (gem) better_errors-0.3.2/lib/better_errors/middleware.rb:45:in `call'
  (gem) warden-1.2.1/lib/warden/manager.rb:35:in `block in call'
  (gem) warden-1.2.1/lib/warden/manager.rb:34:in `catch'
  (gem) warden-1.2.1/lib/warden/manager.rb:34:in `call'
  (gem) actionpack-3.2.11/lib/action_dispatch/middleware/best_standards_support.rb:17:in `call'
  (gem) rack-1.4.4/lib/rack/etag.rb:23:in `call'
  (gem) rack-1.4.4/lib/rack/conditionalget.rb:25:in `call'
  (gem) actionpack-3.2.11/lib/action_dispatch/middleware/head.rb:14:in `call'
  (gem) actionpack-3.2.11/lib/action_dispatch/middleware/params_parser.rb:21:in `call'
  (gem) actionpack-3.2.11/lib/action_dispatch/middleware/flash.rb:242:in `call'
  (gem) rack-1.4.4/lib/rack/session/abstract/id.rb:210:in `context'
  (gem) rack-1.4.4/lib/rack/session/abstract/id.rb:205:in `call'
  (gem) actionpack-3.2.11/lib/action_dispatch/middleware/cookies.rb:341:in `call'
  (gem) activerecord-3.2.11/lib/active_record/query_cache.rb:64:in `call'
  (gem) activerecord-3.2.11/lib/active_record/connection_adapters/abstract/connection_pool.rb:479:in `call'
  (gem) actionpack-3.2.11/lib/action_dispatch/middleware/callbacks.rb:28:in `block in call'
  (gem) activesupport-3.2.11/lib/active_support/callbacks.rb:405:in `_run__359948892__call__882038232__callbacks'
  (gem) activesupport-3.2.11/lib/active_support/callbacks.rb:405:in `__run_callback'
  (gem) activesupport-3.2.11/lib/active_support/callbacks.rb:385:in `_run_call_callbacks'
  (gem) activesupport-3.2.11/lib/active_support/callbacks.rb:81:in `run_callbacks'
  (gem) actionpack-3.2.11/lib/action_dispatch/middleware/callbacks.rb:27:in `call'
  (gem) actionpack-3.2.11/lib/action_dispatch/middleware/reloader.rb:65:in `call'
  (gem) actionpack-3.2.11/lib/action_dispatch/middleware/remote_ip.rb:31:in `call'
  (gem) actionpack-3.2.11/lib/action_dispatch/middleware/debug_exceptions.rb:16:in `call'
  (gem) actionpack-3.2.11/lib/action_dispatch/middleware/show_exceptions.rb:56:in `call'
  (gem) railties-3.2.11/lib/rails/rack/logger.rb:32:in `call_app'
  (gem) railties-3.2.11/lib/rails/rack/logger.rb:16:in `block in call'
  (gem) activesupport-3.2.11/lib/active_support/tagged_logging.rb:22:in `tagged'
  (gem) railties-3.2.11/lib/rails/rack/logger.rb:16:in `call'
  (gem) quiet_assets-1.0.1/lib/quiet_assets.rb:20:in `call_with_quiet_assets'
  (gem) actionpack-3.2.11/lib/action_dispatch/middleware/request_id.rb:22:in `call'
  (gem) rack-1.4.4/lib/rack/methodoverride.rb:21:in `call'
  (gem) rack-1.4.4/lib/rack/runtime.rb:17:in `call'
  (gem) activesupport-3.2.11/lib/active_support/cache/strategy/local_cache.rb:72:in `call'
  (gem) rack-1.4.4/lib/rack/lock.rb:15:in `call'
  (gem) actionpack-3.2.11/lib/action_dispatch/middleware/static.rb:62:in `call'
  (gem) railties-3.2.11/lib/rails/engine.rb:479:in `call'
  (gem) railties-3.2.11/lib/rails/application.rb:223:in `call'
  (gem) rack-1.4.4/lib/rack/content_length.rb:14:in `call'
  (gem) railties-3.2.11/lib/rails/rack/log_tailer.rb:17:in `call'
  (gem) thin-1.5.0/lib/thin/connection.rb:81:in `block in pre_process'
  (gem) thin-1.5.0/lib/thin/connection.rb:79:in `catch'
  (gem) thin-1.5.0/lib/thin/connection.rb:79:in `pre_process'
  (gem) thin-1.5.0/lib/thin/connection.rb:54:in `process'
  (gem) thin-1.5.0/lib/thin/connection.rb:39:in `receive_data'
  (gem) eventmachine-1.0.0/lib/eventmachine.rb:187:in `run_machine'
  (gem) eventmachine-1.0.0/lib/eventmachine.rb:187:in `run'
  (gem) thin-1.5.0/lib/thin/backends/base.rb:63:in `start'
  (gem) thin-1.5.0/lib/thin/server.rb:159:in `start'
  (gem) rack-1.4.4/lib/rack/handler/thin.rb:13:in `run'
  (gem) rack-1.4.4/lib/rack/server.rb:268:in `start'
  (gem) railties-3.2.11/lib/rails/commands/server.rb:70:in `start'
  (gem) railties-3.2.11/lib/rails/commands.rb:55:in `block in <top (required)>'
  (gem) railties-3.2.11/lib/rails/commands.rb:50:in `tap'
  (gem) railties-3.2.11/lib/rails/commands.rb:50:in `<top (required)>'
  script/rails:6:in `require'
  script/rails:6:in `<main>'



Started POST "/__better_errors/120928860/variables" for 127.0.0.1 at 2013-01-31 13:40:04 +0200
Connecting to database specified by database.yml
  [1m[36m (3.5ms)[0m  [1mSELECT "schema_migrations"."version" FROM "schema_migrations" [0m
Migrating to CreateUsers (20130114174823)
Migrating to AddFieldsToUser (20130115090200)
Migrating to AddRegionToUser (20130115151117)
Migrating to AddRoleToUser (20130115155545)
Migrating to AddDeviseToUsers (20130127120254)
Migrating to CreateItems (20130131111835)
Migrating to CreateItemstables (20130131111913)
Migrating to CreateOrders (20130131113842)
  [1m[35m (0.1ms)[0m  select sqlite_version(*)
  [1m[36m (0.1ms)[0m  [1mbegin transaction[0m
  [1m[35m (4.9ms)[0m  CREATE TABLE "orders" ("id" INTEGER PRIMARY KEY AUTOINCREMENT NOT NULL, "order_number" varchar(255), "total_price" decimal, "total_num_of_items" integer, "max_discount" decimal, "delivery_date" date, "status" varchar(255), "user_id" integer, "role" varchar(255), "date_of_ordering" date, "pref_delivery_date" date, "credit_card_type" varchar(255), "credit_card_number" varchar(255), "cvv2" varchar(255), "expiry_date" date, "start_date" date, "issue_number" varchar(255), "itemstable_id" integer, "created_at" datetime NOT NULL, "updated_at" datetime NOT NULL) 
  [1m[36m (0.4ms)[0m  [1mCREATE INDEX "index_orders_on_user_id" ON "orders" ("user_id")[0m
  [1m[35m (0.3ms)[0m  CREATE INDEX "index_orders_on_itemstable_id" ON "orders" ("itemstable_id")
  [1m[36m (0.9ms)[0m  [1mINSERT INTO "schema_migrations" ("version") VALUES ('20130131113842')[0m
  [1m[35m (78.4ms)[0m  commit transaction
  [1m[36m (0.1ms)[0m  [1mSELECT "schema_migrations"."version" FROM "schema_migrations" [0m


Started GET "/orders" for 127.0.0.1 at 2013-01-31 13:40:39 +0200
Processing by OrdersController#index as HTML
  [1m[35mOrder Load (0.3ms)[0m  SELECT "orders".* FROM "orders" 
  Rendered orders/index.html.erb within layouts/application (4.3ms)
Compiled items.css  (18ms)  (pid 611)
Compiled itemstables.css  (2ms)  (pid 611)
Compiled orders.css  (5ms)  (pid 611)
Compiled scaffolds.css  (26ms)  (pid 611)
Compiled application.css  (312ms)  (pid 611)
Compiled items.js  (150ms)  (pid 611)
Compiled itemstables.js  (1ms)  (pid 611)
Compiled orders.js  (1ms)  (pid 611)
Compiled application.js  (309ms)  (pid 611)
Completed 200 OK in 1877ms (Views: 1867.7ms | ActiveRecord: 1.7ms)


Started GET "/orders/new" for 127.0.0.1 at 2013-01-31 13:40:50 +0200
Processing by OrdersController#new as HTML
  Rendered orders/_form.html.erb (349.7ms)
  Rendered orders/new.html.erb within layouts/application (371.9ms)
Completed 200 OK in 621ms (Views: 420.8ms | ActiveRecord: 0.0ms)


Started POST "/orders" for 127.0.0.1 at 2013-01-31 13:41:43 +0200
Processing by OrdersController#create as HTML
  Parameters: {"utf8"=>"✓", "authenticity_token"=>"0MJI7fJqPzVHIQFWGtVTvc0kz2ZxXC5quOLr9O6PlMQ=", "order"=>{"order_number"=>"00001", "total_price"=>"100", "total_num_of_items"=>"1", "max_discount"=>"0", "delivery_date(1i)"=>"2013", "delivery_date(2i)"=>"1", "delivery_date(3i)"=>"31", "status"=>"", "user"=>"", "role"=>"", "date_of_ordering(1i)"=>"2013", "date_of_ordering(2i)"=>"1", "date_of_ordering(3i)"=>"31", "pref_delivery_date(1i)"=>"2013", "pref_delivery_date(2i)"=>"1", "pref_delivery_date(3i)"=>"31", "credit_card_type"=>"", "credit_card_number"=>"", "cvv2"=>"", "expiry_date(1i)"=>"2013", "expiry_date(2i)"=>"1", "expiry_date(3i)"=>"31", "start_date(1i)"=>"2013", "start_date(2i)"=>"1", "start_date(3i)"=>"31", "issue_number"=>"", "itemstable"=>""}, "commit"=>"Create Order"}
Completed 500 Internal Server Error in 5ms

ActiveModel::MassAssignmentSecurity::Error - Can't mass-assign protected attributes: user, itemstable:
  (gem) activemodel-3.2.11/lib/active_model/mass_assignment_security/sanitizer.rb:48:in `process_removed_attributes'
  (gem) activemodel-3.2.11/lib/active_model/mass_assignment_security/sanitizer.rb:20:in `debug_protected_attribute_removal'
  (gem) activemodel-3.2.11/lib/active_model/mass_assignment_security/sanitizer.rb:12:in `sanitize'
  (gem) activemodel-3.2.11/lib/active_model/mass_assignment_security.rb:230:in `sanitize_for_mass_assignment'
  (gem) activerecord-3.2.11/lib/active_record/attribute_assignment.rb:75:in `assign_attributes'
  (gem) activerecord-3.2.11/lib/active_record/base.rb:497:in `initialize'
  app/controllers/orders_controller.rb:43:in `new'
  app/controllers/orders_controller.rb:43:in `create'
  (gem) actionpack-3.2.11/lib/action_controller/metal/implicit_render.rb:4:in `send_action'
  (gem) actionpack-3.2.11/lib/abstract_controller/base.rb:167:in `process_action'
  (gem) actionpack-3.2.11/lib/action_controller/metal/rendering.rb:10:in `process_action'
  (gem) actionpack-3.2.11/lib/abstract_controller/callbacks.rb:18:in `block in process_action'
  (gem) activesupport-3.2.11/lib/active_support/callbacks.rb:414:in `_run__938736518__process_action__42221285__callbacks'
  (gem) activesupport-3.2.11/lib/active_support/callbacks.rb:405:in `__run_callback'
  (gem) activesupport-3.2.11/lib/active_support/callbacks.rb:385:in `_run_process_action_callbacks'
  (gem) activesupport-3.2.11/lib/active_support/callbacks.rb:81:in `run_callbacks'
  (gem) actionpack-3.2.11/lib/abstract_controller/callbacks.rb:17:in `process_action'
  (gem) actionpack-3.2.11/lib/action_controller/metal/rescue.rb:29:in `process_action'
  (gem) actionpack-3.2.11/lib/action_controller/metal/instrumentation.rb:30:in `block in process_action'
  (gem) activesupport-3.2.11/lib/active_support/notifications.rb:123:in `block in instrument'
  (gem) activesupport-3.2.11/lib/active_support/notifications/instrumenter.rb:20:in `instrument'
  (gem) activesupport-3.2.11/lib/active_support/notifications.rb:123:in `instrument'
  (gem) actionpack-3.2.11/lib/action_controller/metal/instrumentation.rb:29:in `process_action'
  (gem) actionpack-3.2.11/lib/action_controller/metal/params_wrapper.rb:207:in `process_action'
  (gem) activerecord-3.2.11/lib/active_record/railties/controller_runtime.rb:18:in `process_action'
  (gem) actionpack-3.2.11/lib/abstract_controller/base.rb:121:in `process'
  (gem) actionpack-3.2.11/lib/abstract_controller/rendering.rb:45:in `process'
  (gem) actionpack-3.2.11/lib/action_controller/metal.rb:203:in `dispatch'
  (gem) actionpack-3.2.11/lib/action_controller/metal/rack_delegation.rb:14:in `dispatch'
  (gem) actionpack-3.2.11/lib/action_controller/metal.rb:246:in `block in action'
  (gem) actionpack-3.2.11/lib/action_dispatch/routing/route_set.rb:73:in `call'
  (gem) actionpack-3.2.11/lib/action_dispatch/routing/route_set.rb:73:in `dispatch'
  (gem) actionpack-3.2.11/lib/action_dispatch/routing/route_set.rb:36:in `call'
  (gem) journey-1.0.4/lib/journey/router.rb:68:in `block in call'
  (gem) journey-1.0.4/lib/journey/router.rb:56:in `each'
  (gem) journey-1.0.4/lib/journey/router.rb:56:in `call'
  (gem) actionpack-3.2.11/lib/action_dispatch/routing/route_set.rb:601:in `call'
  (gem) better_errors-0.3.2/lib/better_errors/middleware.rb:51:in `app_call'
  (gem) better_errors-0.3.2/lib/better_errors/middleware.rb:45:in `call'
  (gem) warden-1.2.1/lib/warden/manager.rb:35:in `block in call'
  (gem) warden-1.2.1/lib/warden/manager.rb:34:in `catch'
  (gem) warden-1.2.1/lib/warden/manager.rb:34:in `call'
  (gem) actionpack-3.2.11/lib/action_dispatch/middleware/best_standards_support.rb:17:in `call'
  (gem) rack-1.4.4/lib/rack/etag.rb:23:in `call'
  (gem) rack-1.4.4/lib/rack/conditionalget.rb:35:in `call'
  (gem) actionpack-3.2.11/lib/action_dispatch/middleware/head.rb:14:in `call'
  (gem) actionpack-3.2.11/lib/action_dispatch/middleware/params_parser.rb:21:in `call'
  (gem) actionpack-3.2.11/lib/action_dispatch/middleware/flash.rb:242:in `call'
  (gem) rack-1.4.4/lib/rack/session/abstract/id.rb:210:in `context'
  (gem) rack-1.4.4/lib/rack/session/abstract/id.rb:205:in `call'
  (gem) actionpack-3.2.11/lib/action_dispatch/middleware/cookies.rb:341:in `call'
  (gem) activerecord-3.2.11/lib/active_record/query_cache.rb:64:in `call'
  (gem) activerecord-3.2.11/lib/active_record/connection_adapters/abstract/connection_pool.rb:479:in `call'
  (gem) actionpack-3.2.11/lib/action_dispatch/middleware/callbacks.rb:28:in `block in call'
  (gem) activesupport-3.2.11/lib/active_support/callbacks.rb:405:in `_run__359948892__call__882038232__callbacks'
  (gem) activesupport-3.2.11/lib/active_support/callbacks.rb:405:in `__run_callback'
  (gem) activesupport-3.2.11/lib/active_support/callbacks.rb:385:in `_run_call_callbacks'
  (gem) activesupport-3.2.11/lib/active_support/callbacks.rb:81:in `run_callbacks'
  (gem) actionpack-3.2.11/lib/action_dispatch/middleware/callbacks.rb:27:in `call'
  (gem) actionpack-3.2.11/lib/action_dispatch/middleware/reloader.rb:65:in `call'
  (gem) actionpack-3.2.11/lib/action_dispatch/middleware/remote_ip.rb:31:in `call'
  (gem) actionpack-3.2.11/lib/action_dispatch/middleware/debug_exceptions.rb:16:in `call'
  (gem) actionpack-3.2.11/lib/action_dispatch/middleware/show_exceptions.rb:56:in `call'
  (gem) railties-3.2.11/lib/rails/rack/logger.rb:32:in `call_app'
  (gem) railties-3.2.11/lib/rails/rack/logger.rb:16:in `block in call'
  (gem) activesupport-3.2.11/lib/active_support/tagged_logging.rb:22:in `tagged'
  (gem) railties-3.2.11/lib/rails/rack/logger.rb:16:in `call'
  (gem) quiet_assets-1.0.1/lib/quiet_assets.rb:20:in `call_with_quiet_assets'
  (gem) actionpack-3.2.11/lib/action_dispatch/middleware/request_id.rb:22:in `call'
  (gem) rack-1.4.4/lib/rack/methodoverride.rb:21:in `call'
  (gem) rack-1.4.4/lib/rack/runtime.rb:17:in `call'
  (gem) activesupport-3.2.11/lib/active_support/cache/strategy/local_cache.rb:72:in `call'
  (gem) rack-1.4.4/lib/rack/lock.rb:15:in `call'
  (gem) actionpack-3.2.11/lib/action_dispatch/middleware/static.rb:62:in `call'
  (gem) railties-3.2.11/lib/rails/engine.rb:479:in `call'
  (gem) railties-3.2.11/lib/rails/application.rb:223:in `call'
  (gem) rack-1.4.4/lib/rack/content_length.rb:14:in `call'
  (gem) railties-3.2.11/lib/rails/rack/log_tailer.rb:17:in `call'
  (gem) thin-1.5.0/lib/thin/connection.rb:81:in `block in pre_process'
  (gem) thin-1.5.0/lib/thin/connection.rb:79:in `catch'
  (gem) thin-1.5.0/lib/thin/connection.rb:79:in `pre_process'
  (gem) thin-1.5.0/lib/thin/connection.rb:54:in `process'
  (gem) thin-1.5.0/lib/thin/connection.rb:39:in `receive_data'
  (gem) eventmachine-1.0.0/lib/eventmachine.rb:187:in `run_machine'
  (gem) eventmachine-1.0.0/lib/eventmachine.rb:187:in `run'
  (gem) thin-1.5.0/lib/thin/backends/base.rb:63:in `start'
  (gem) thin-1.5.0/lib/thin/server.rb:159:in `start'
  (gem) rack-1.4.4/lib/rack/handler/thin.rb:13:in `run'
  (gem) rack-1.4.4/lib/rack/server.rb:268:in `start'
  (gem) railties-3.2.11/lib/rails/commands/server.rb:70:in `start'
  (gem) railties-3.2.11/lib/rails/commands.rb:55:in `block in <top (required)>'
  (gem) railties-3.2.11/lib/rails/commands.rb:50:in `tap'
  (gem) railties-3.2.11/lib/rails/commands.rb:50:in `<top (required)>'
  script/rails:6:in `require'
  script/rails:6:in `<main>'



Started POST "/__better_errors/123478870/variables" for 127.0.0.1 at 2013-01-31 13:41:43 +0200
Connecting to database specified by database.yml
  [1m[36m (42.9ms)[0m  [1mSELECT "schema_migrations"."version" FROM "schema_migrations" [0m
Migrating to CreateUsers (20130114174823)
Migrating to AddFieldsToUser (20130115090200)
Migrating to AddRegionToUser (20130115151117)
Migrating to AddRoleToUser (20130115155545)
Migrating to AddDeviseToUsers (20130127120254)
Migrating to CreateItems (20130131111835)
Migrating to CreateItemstables (20130131111913)
Migrating to CreateOrders (20130131113842)
  [1m[35m (0.4ms)[0m  select sqlite_version(*)
  [1m[36m (91.7ms)[0m  [1mSELECT "schema_migrations"."version" FROM "schema_migrations" [0m


Started GET "/orders" for 127.0.0.1 at 2013-01-31 13:45:54 +0200
Processing by OrdersController#index as HTML
  [1m[36mOrder Load (0.2ms)[0m  [1mSELECT "orders".* FROM "orders" [0m
  Rendered orders/index.html.erb within layouts/application (0.6ms)
Completed 200 OK in 53ms (Views: 35.2ms | ActiveRecord: 13.7ms)


Started GET "/" for 127.0.0.1 at 2013-01-31 13:46:46 +0200
Processing by UsersController#index as HTML
  [1m[35m (9.0ms)[0m  SELECT COUNT(*) FROM "users" 
  [1m[36mCACHE (0.0ms)[0m  [1mSELECT COUNT(*) FROM "users" [0m
  [1m[35mUser Load (2.3ms)[0m  SELECT "users".* FROM "users" LIMIT 25 OFFSET 0
  Rendered users/index.html.erb within layouts/application (89.0ms)
Completed 200 OK in 154ms (Views: 134.2ms | ActiveRecord: 12.0ms)


Started GET "/api/users?orderBy=id+asc&currentPage=1&perPage=25&fields=login_name&scope=start_with&request=" for 127.0.0.1 at 2013-01-31 13:46:47 +0200
Processing by UsersController#index as JSON
  Parameters: {"orderBy"=>"id asc", "currentPage"=>"1", "perPage"=>"25", "fields"=>"login_name", "scope"=>"start_with", "request"=>""}
  [1m[36m (0.3ms)[0m  [1mSELECT COUNT(*) FROM "users" WHERE (login_name LIKE '%')[0m
  [1m[35m (0.2ms)[0m  SELECT COUNT(*) FROM "users" 
  [1m[36mUser Load (0.7ms)[0m  [1mSELECT "users".* FROM "users" WHERE (login_name LIKE '%') ORDER BY id asc LIMIT 25 OFFSET 0[0m
Completed 200 OK in 86ms (Views: 64.2ms | ActiveRecord: 0.7ms)


Started GET "/api/users?orderBy=id+asc&currentPage=1&perPage=25&fields=login_name&scope=start_with&request=" for 127.0.0.1 at 2013-01-31 13:46:59 +0200
Processing by UsersController#index as JSON
  Parameters: {"orderBy"=>"id asc", "currentPage"=>"1", "perPage"=>"25", "fields"=>"login_name", "scope"=>"start_with", "request"=>""}
  [1m[35m (12.8ms)[0m  SELECT COUNT(*) FROM "users" WHERE (login_name LIKE '%')
  [1m[36m (0.2ms)[0m  [1mSELECT COUNT(*) FROM "users" [0m
  [1m[35mUser Load (0.7ms)[0m  SELECT "users".* FROM "users" WHERE (login_name LIKE '%') ORDER BY id asc LIMIT 25 OFFSET 0
Completed 200 OK in 138ms (Views: 103.1ms | ActiveRecord: 0.7ms)
